<?xml version="1.0" encoding="UTF-8"?>
<!-- Generated by org.testng.reporters.JUnitReportReporter -->
<testsuite hostname="VAISHNAVI" failures="0" tests="1" name="practice.redbus" time="10.352" errors="0" timestamp="2024-06-11T21:12:20 IST" skipped="0">
  <testcase classname="practice.redbus" name="redbus" time="10.352"/>
  <system-out/>
</testsuite> <!-- practice.redbus -->
